Feb 21, 2010 4:22:44 PM net.sf.odinms.net.world.WorldServer main
INFO: World server has initated successfully.
subnet.properties could not be found, falling back to world defaults
java.io.FileNotFoundException: subnet.properties (No such file or directory)
Listening on port 11111.
Feb 21, 2010 4:22:55 PM net.sf.odinms.net.channel.OliveroMatic.AutomagicShit broadcastFMLMessage
INFO: Anonymous Bot Message broadcasted.
Tao ranking Query executed
Feb 21, 2010 4:22:55 PM net.sf.odinms.net.channel.ChannelServer run
INFO: Channel 1: Listening on port 7575
Feb 21, 2010 4:22:55 PM net.sf.odinms.net.world.WorldChannelInterfaceImpl serverReady
INFO: Channel 1 is online.
Feb 21, 2010 4:22:57 PM net.sf.odinms.net.channel.ChannelServer run
INFO: Channel 2: Listening on port 7576
Feb 21, 2010 4:22:57 PM net.sf.odinms.net.world.WorldChannelInterfaceImpl serverReady
INFO: Channel 2 is online.
Feb 21, 2010 4:22:59 PM net.sf.odinms.net.channel.ChannelServer run
INFO: Channel 3: Listening on port 7577
Feb 21, 2010 4:22:59 PM net.sf.odinms.net.world.WorldChannelInterfaceImpl serverReady
INFO: Channel 3 is online.
Feb 21, 2010 4:23:00 PM net.sf.odinms.net.channel.ChannelServer run
INFO: Channel 4: Listening on port 7578
Feb 21, 2010 4:23:00 PM net.sf.odinms.net.world.WorldChannelInterfaceImpl serverReady
INFO: Channel 4 is online.
Feb 21, 2010 4:23:01 PM net.sf.odinms.net.channel.ChannelServer run
INFO: Channel 5: Listening on port 7579
Feb 21, 2010 4:23:01 PM net.sf.odinms.net.world.WorldChannelInterfaceImpl serverReady
INFO: Channel 5 is online.
Feb 21, 2010 4:23:02 PM net.sf.odinms.net.channel.ChannelServer run
INFO: Channel 6: Listening on port 7580
Feb 21, 2010 4:23:02 PM net.sf.odinms.net.world.WorldChannelInterfaceImpl serverReady
INFO: Channel 6 is online.
Feb 21, 2010 4:23:03 PM net.sf.odinms.net.channel.ChannelServer run
INFO: Channel 7: Listening on port 7581
Feb 21, 2010 4:23:03 PM net.sf.odinms.net.world.WorldChannelInterfaceImpl serverReady
INFO: Channel 7 is online.
Feb 21, 2010 4:23:04 PM net.sf.odinms.net.channel.ChannelServer run
INFO: Channel 8: Listening on port 7582
Feb 21, 2010 4:23:04 PM net.sf.odinms.net.world.WorldChannelInterfaceImpl serverReady
INFO: Channel 8 is online.
Feb 21, 2010 4:23:07 PM net.sf.odinms.net.channel.ChannelServer run
INFO: Channel 9: Listening on port 7583
Feb 21, 2010 4:23:07 PM net.sf.odinms.net.world.WorldChannelInterfaceImpl serverReady
INFO: Channel 9 is online.
Feb 21, 2010 4:23:43 PM net.sf.odinms.net.login.handler.CharlistRequestHandler handlePacket
INFO: Client is connecting to server 0 channel 2
Feb 21, 2010 4:23:55 PM net.sf.odinms.net.channel.ChannelServer$autoSave run
INFO: Saving characters to database for channel 1
Feb 21, 2010 4:23:58 PM net.sf.odinms.net.login.handler.CharlistRequestHandler handlePacket
INFO: Client is connecting to server 0 channel 3
Feb 21, 2010 4:24:38 PM net.sf.odinms.net.login.handler.CharlistRequestHandler handlePacket
INFO: Client is connecting to server 0 channel 3
Feb 21, 2010 4:24:40 PM net.sf.odinms.net.login.handler.CharlistRequestHandler handlePacket
INFO: Client is connecting to server 0 channel 1
Feb 21, 2010 4:25:09 PM net.sf.odinms.net.login.handler.CharlistRequestHandler handlePacket
INFO: Client is connecting to server 0 channel 3
Feb 21, 2010 4:25:18 PM net.sf.odinms.net.login.handler.CharlistRequestHandler handlePacket
INFO: Client is connecting to server 0 channel 3
Feb 21, 2010 4:25:44 PM net.sf.odinms.net.login.handler.CharlistRequestHandler handlePacket
INFO: Client is connecting to server 0 channel 7
Feb 21, 2010 4:25:49 PM net.sf.odinms.net.login.handler.CharlistRequestHandler handlePacket
INFO: Client is connecting to server 0 channel 6
[FML] Today, I was sitting down in a store when a stroller stopped by me. While the parents were fixing the strap, the baby looked at me, gasped, looked at me again, gasped, and then screamed. Ten minutes later, another baby looked at me and screamed. My face scares babies. FML
[FML] Today, I had just finished getting ready to go out when I decided to throw my trash out. As my trash went down the shoot so did my key chain with my building apartment and car keys. FML
[FML] Today, I found out that the 20% pay cut that the "management team" took at my job really only applied to... me. I also found out that my closest friend at work has been lying to me about it, and telling my boss everything I say. His pay was never cut. I guess it pays to be the boss's snitch. FML
[FML] Today, the pictures from last night's party were put on Facebook. The pictures that show me getting in a drunken fight with a girl and her putting my face through the wall. FML
[FML] Today, my dog barked for 30 minutes with me yelling for him to shut up. Guess that's how long it takes someone to steal the rims from my truck. Good dog. FML
[FML] Today, my boyfriend and I celebrated our anniversary at the park. I was watching him play around with the wood chips on the ground and thought I saw him making a heart being romantic, so I got on top of the playground to look. Turns out it was the balls of a giant penis, complete with pubes. FML
[FML] Today, after being dumped just 48 hours prior, I awoke from a night of passionate lovemaking with my ex. Last night, he came to my house, romanced me, and presented a possible future. This morning, when I got up to use the restroom, my laptop, money, and ex-boyfriend were gone. FML
[FML] Today, I was sitting down in a store when a stroller stopped by me. While the parents were fixing the strap, the baby looked at me, gasped, looked at me again, gasped, and then screamed. Ten minutes later, another baby looked at me and screamed. My face scares babies. FML
[FML] Today, I lied to my crush telling him I can play the piano. To 'prove' it, I recorded a video on my phone of a girl playing a beautiful piece. After I sent it, I realized my mouse cursor was in the center of the page the entire time. FML
[FML] Today, I was in a public restroom when someone took the toilet next to mine. Moments later, a used tampon rolls into my cubicle followed by an "Oops!" A creeping hand then promptly reached under to retrieve it. Both her hand and the tampon touched my bare toes. FML
Feb 21, 2010 4:25:56 PM net.sf.odinms.net.channel.OliveroMatic.AutomagicShit broadcastFMLMessage
INFO: Anonymous Bot Message broadcasted.
Feb 21, 2010 4:26:13 PM net.sf.odinms.net.login.handler.CharlistRequestHandler handlePacket
INFO: Client is connecting to server 0 channel 1
Feb 21, 2010 4:26:41 PM net.sf.odinms.net.login.handler.CharlistRequestHandler handlePacket
INFO: Client is connecting to server 0 channel 3
Feb 21, 2010 4:26:56 PM net.sf.odinms.net.login.handler.CharlistRequestHandler handlePacket
INFO: Client is connecting to server 0 channel 9
Feb 21, 2010 4:27:39 PM net.sf.odinms.net.login.handler.CharlistRequestHandler handlePacket
INFO: Client is connecting to server 0 channel 9
Feb 21, 2010 4:28:05 PM net.sf.odinms.net.login.handler.CharlistRequestHandler handlePacket
INFO: Client is connecting to server 0 channel 8
[FML] Today, I took my girlfriend out bowling. The place was not only packed, but on my very first attempt, I stumbled and landed flat on my "sugarbuns" about 6 feet down the lane. Everyone pointed and laughed hysterically, including my girlfriend, who was on the floor almost in tears, enjoying my pain.  FML
[FML] Today, while playing Star Wars: The Force Unleashed, my phone rang, and I instinctively tried to pick it up with the Force. I kept trying until it stopped ringing. FML
[FML] Today, I went to the hospital to get my ingrown toenail removed. The doctors put me on a little surgery table and told me to relax. They then injected anesthetic into my toe four times and used a pair of scissors to slowly cut through my nail. Only, the anesthetic hadn't started to work just yet. FML
[FML] Today, after having my bath, I realised that I've gotten so fat that I have to lift up my butt cheeks in order to dry underneath them. FML
[FML] Today, my girlfriend of two years called me, drunk, telling me how much anal sex hurts with some other guy. FML
[FML] Today, I had food poisoning. I spent all day on the can. I also had a bucket to throw up into at the same time. I was sick out of both ends, at the same time. FML
[FML] Today, my dog barked for 30 minutes with me yelling for him to shut up. Guess that's how long it takes someone to steal the rims from my truck. Good dog. FML
[FML] Today, while on my graveyard shift at an inner-city backpackers lodge, a drunk pissed in a dorm at 4am. I had to clean up after him, wash all the luggage that got dowsed, clean up 2 separate piles of puke, and help 3 drunken Brits back to their room while they abused me. I have a science degree. FML
[FML] Today, my dog barked for 30 minutes with me yelling for him to shut up. Guess that's how long it takes someone to steal the rims from my truck. Good dog. FML
[FML] Today, after my first flight landed late, I burned out my lungs sprinting full speed for 10 minutes to catch my next flight. The gate number on my ticket was wrong. It had been changed to one right next to where I had originally pulled up to. FML
Feb 21, 2010 4:28:59 PM net.sf.odinms.net.channel.OliveroMatic.AutomagicShit broadcastFMLMessage
INFO: Anonymous Bot Message broadcasted.
Feb 21, 2010 4:29:24 PM net.sf.odinms.net.login.handler.CharlistRequestHandler handlePacket
INFO: Client is connecting to server 0 channel 3
Feb 21, 2010 4:29:45 PM net.sf.odinms.net.channel.handler.AbstractMovementPacketHandler parseMovement
WARNING: numCommands (-9) does not match the number of deserialized movement commands (0)
Feb 21, 2010 4:29:51 PM net.sf.odinms.net.login.handler.CharlistRequestHandler handlePacket
INFO: Client is connecting to server 0 channel 3
Feb 21, 2010 4:29:59 PM net.sf.odinms.net.login.handler.CharlistRequestHandler handlePacket
INFO: Client is connecting to server 0 channel 7
Feb 21, 2010 4:30:10 PM net.sf.odinms.net.login.handler.CharlistRequestHandler handlePacket
INFO: Client is connecting to server 0 channel 3
Feb 21, 2010 4:30:29 PM net.sf.odinms.net.MapleServerHandler exceptionCaught
SEVERE: <Minko (cid: 57560)> (Account: juztvxqsuju) Connection reset by peer
java.io.IOException: Connection reset by peer
	at sun.nio.ch.FileDispatcher.read0(Native Method)
	at sun.nio.ch.SocketDispatcher.read(SocketDispatcher.java:21)
	at sun.nio.ch.IOUtil.readIntoNativeBuffer(IOUtil.java:233)
	at sun.nio.ch.IOUtil.read(IOUtil.java:206)
	at sun.nio.ch.SocketChannelImpl.read(SocketChannelImpl.java:236)
	at org.apache.mina.transport.socket.nio.SocketIoProcessor.read(SocketIoProcessor.java:218)
	at org.apache.mina.transport.socket.nio.SocketIoProcessor.process(SocketIoProcessor.java:198)
	at org.apache.mina.transport.socket.nio.SocketIoProcessor.access$400(SocketIoProcessor.java:45)
	at org.apache.mina.transport.socket.nio.SocketIoProcessor$Worker.run(SocketIoProcessor.java:485)
	at org.apache.mina.util.NamePreservingRunnable.run(NamePreservingRunnable.java:51)
	at java.lang.Thread.run(Thread.java:619)
Feb 21, 2010 4:30:29 PM net.sf.odinms.net.MapleServerHandler exceptionCaught
SEVERE: <KissOfDeath (cid: 57864)> (Account: aLvinboiboi) Connection reset by peer
java.io.IOException: Connection reset by peer
	at sun.nio.ch.FileDispatcher.read0(Native Method)
	at sun.nio.ch.SocketDispatcher.read(SocketDispatcher.java:21)
	at sun.nio.ch.IOUtil.readIntoNativeBuffer(IOUtil.java:233)
	at sun.nio.ch.IOUtil.read(IOUtil.java:206)
	at sun.nio.ch.SocketChannelImpl.read(SocketChannelImpl.java:236)
	at org.apache.mina.transport.socket.nio.SocketIoProcessor.read(SocketIoProcessor.java:218)
	at org.apache.mina.transport.socket.nio.SocketIoProcessor.process(SocketIoProcessor.java:198)
	at org.apache.mina.transport.socket.nio.SocketIoProcessor.access$400(SocketIoProcessor.java:45)
	at org.apache.mina.transport.socket.nio.SocketIoProcessor$Worker.run(SocketIoProcessor.java:485)
	at org.apache.mina.util.NamePreservingRunnable.run(NamePreservingRunnable.java:51)
	at java.lang.Thread.run(Thread.java:619)
Feb 21, 2010 4:30:29 PM net.sf.odinms.net.MapleServerHandler exceptionCaught
SEVERE: <EkikoMin (cid: 57176)> (Account: Lowjojo96) Connection reset by peer
java.io.IOException: Connection reset by peer
	at sun.nio.ch.FileDispatcher.read0(Native Method)
	at sun.nio.ch.SocketDispatcher.read(SocketDispatcher.java:21)
	at sun.nio.ch.IOUtil.readIntoNativeBuffer(IOUtil.java:233)
	at sun.nio.ch.IOUtil.read(IOUtil.java:206)
	at sun.nio.ch.SocketChannelImpl.read(SocketChannelImpl.java:236)
	at org.apache.mina.transport.socket.nio.SocketIoProcessor.read(SocketIoProcessor.java:218)
	at org.apache.mina.transport.socket.nio.SocketIoProcessor.process(SocketIoProcessor.java:198)
	at org.apache.mina.transport.socket.nio.SocketIoProcessor.access$400(SocketIoProcessor.java:45)
	at org.apache.mina.transport.socket.nio.SocketIoProcessor$Worker.run(SocketIoProcessor.java:485)
	at org.apache.mina.util.NamePreservingRunnable.run(NamePreservingRunnable.java:51)
	at java.lang.Thread.run(Thread.java:619)
Feb 21, 2010 4:30:49 PM net.sf.odinms.net.login.handler.CharlistRequestHandler handlePacket
INFO: Client is connecting to server 0 channel 3
Feb 21, 2010 4:31:02 PM net.sf.odinms.net.login.handler.CharlistRequestHandler handlePacket
INFO: Client is connecting to server 0 channel 3
Feb 21, 2010 4:31:11 PM net.sf.odinms.net.login.handler.CharlistRequestHandler handlePacket
INFO: Client is connecting to server 0 channel 3
Feb 21, 2010 4:31:14 PM net.sf.odinms.net.login.handler.CharlistRequestHandler handlePacket
INFO: Client is connecting to server 0 channel 3
Feb 21, 2010 4:31:15 PM net.sf.odinms.net.login.handler.CharlistRequestHandler handlePacket
INFO: Client is connecting to server 0 channel 3
Feb 21, 2010 4:31:16 PM net.sf.odinms.net.login.handler.CharlistRequestHandler handlePacket
INFO: Client is connecting to server 0 channel 3
Feb 21, 2010 4:31:42 PM net.sf.odinms.net.MapleServerHandler exceptionCaught
SEVERE: <godofeviL (cid: 57779)> (Account: vietnamese) Connection reset by peer
java.io.IOException: Connection reset by peer
	at sun.nio.ch.FileDispatcher.read0(Native Method)
	at sun.nio.ch.SocketDispatcher.read(SocketDispatcher.java:21)
	at sun.nio.ch.IOUtil.readIntoNativeBuffer(IOUtil.java:233)
	at sun.nio.ch.IOUtil.read(IOUtil.java:206)
	at sun.nio.ch.SocketChannelImpl.read(SocketChannelImpl.java:236)
	at org.apache.mina.transport.socket.nio.SocketIoProcessor.read(SocketIoProcessor.java:218)
	at org.apache.mina.transport.socket.nio.SocketIoProcessor.process(SocketIoProcessor.java:198)
	at org.apache.mina.transport.socket.nio.SocketIoProcessor.access$400(SocketIoProcessor.java:45)
	at org.apache.mina.transport.socket.nio.SocketIoProcessor$Worker.run(SocketIoProcessor.java:485)
	at org.apache.mina.util.NamePreservingRunnable.run(NamePreservingRunnable.java:51)
	at java.lang.Thread.run(Thread.java:619)
[FML] Today, I went to the hospital to get my ingrown toenail removed. The doctors put me on a little surgery table and told me to relax. They then injected anesthetic into my toe four times and used a pair of scissors to slowly cut through my nail. Only, the anesthetic hadn't started to work just yet. FML
[FML] Today, I travelled across an ocean to visit the guy I'm dating. He lied to me about his apartment; he lives in a dorm with a twin-sized bed and a bathroom he shares with 8 guys. Just now, after taking 3 trains from the airport to his "apt", he asked me to edit his essay while he goes to class. FML
[FML] Today, I decided to not go to a strip club for the second Saturday in a row, because I didn't want to appear desperate in front of the strippers. FML
[FML] Today, I took the train to work. There was an older man standing behind me. Everytime I tried to edge away from him, he edged closer. Everytime the train rocked even slightly, his crotch made contact with my behind. It was an extremely bumpy train ride. I could also tell when he became hard. FML
[FML] Today, after my first flight landed late, I burned out my lungs sprinting full speed for 10 minutes to catch my next flight. The gate number on my ticket was wrong. It had been changed to one right next to where I had originally pulled up to. FML
[FML] Today, I hung out with the guy I've liked for the first time in 3 years. And when he left, I gave him a hug, he pushed me, I tripped, and hit my head into the wall. Then to save his embarassment, pushed me over onto the couch and pretended to rape me. FML
[FML] Today, I went to the hospital to get my ingrown toenail removed. The doctors put me on a little surgery table and told me to relax. They then injected anesthetic into my toe four times and used a pair of scissors to slowly cut through my nail. Only, the anesthetic hadn't started to work just yet. FML
[FML] Today, I took my girlfriend out bowling. The place was not only packed, but on my very first attempt, I stumbled and landed flat on my "sugarbuns" about 6 feet down the lane. Everyone pointed and laughed hysterically, including my girlfriend, who was on the floor almost in tears, enjoying my pain.  FML
[FML] Today, I got stuck in my apartment's garbage chute. FML
[FML] Today, I finally got to hook up with this hot guy I'd been talking to for a few weeks. To my surprise, he was sinfully drunk when he arrives. As we were going at it, he shits on my white carpet. Now the phrase "f***ing the shit out of someone" has a brand new meaning for me. FML
Feb 21, 2010 4:31:59 PM net.sf.odinms.net.channel.OliveroMatic.AutomagicShit broadcastFMLMessage
INFO: Anonymous Bot Message broadcasted.
Feb 21, 2010 4:32:20 PM net.sf.odinms.net.login.handler.CharlistRequestHandler handlePacket
INFO: Client is connecting to server 0 channel 1
Feb 21, 2010 4:32:34 PM net.sf.odinms.scripting.npc.NPCScriptManager action
SEVERE: Error executing NPC script.
java.lang.reflect.UndeclaredThrowableException
	at $Proxy3.action(Unknown Source)
	at net.sf.odinms.scripting.npc.NPCScriptManager.action(NPCScriptManager.java:93)
	at net.sf.odinms.net.channel.handler.NPCMoreTalkHandler.handlePacket(NPCMoreTalkHandler.java:50)
	at net.sf.odinms.net.MapleServerHandler.messageReceived(MapleServerHandler.java:147)
	at org.apache.mina.common.support.AbstractIoFilterChain$TailFilter.messageReceived(AbstractIoFilterChain.java:570)
	at org.apache.mina.common.support.AbstractIoFilterChain.callNextMessageReceived(AbstractIoFilterChain.java:299)
	at org.apache.mina.common.support.AbstractIoFilterChain.access$1100(AbstractIoFilterChain.java:53)
	at org.apache.mina.common.support.AbstractIoFilterChain$EntryImpl$1.messageReceived(AbstractIoFilterChain.java:648)
	at org.apache.mina.filter.codec.support.SimpleProtocolDecoderOutput.flush(SimpleProtocolDecoderOutput.java:58)
	at org.apache.mina.filter.codec.ProtocolCodecFilter.messageReceived(ProtocolCodecFilter.java:180)
	at org.apache.mina.common.support.AbstractIoFilterChain.callNextMessageReceived(AbstractIoFilterChain.java:299)
	at org.apache.mina.common.support.AbstractIoFilterChain.access$1100(AbstractIoFilterChain.java:53)
	at org.apache.mina.common.support.AbstractIoFilterChain$EntryImpl$1.messageReceived(AbstractIoFilterChain.java:648)
	at org.apache.mina.filter.executor.ExecutorFilter.processEvent(ExecutorFilter.java:220)
	at org.apache.mina.filter.executor.ExecutorFilter$ProcessEventsRunnable.run(ExecutorFilter.java:264)
	at java.util.concurrent.ThreadPoolExecutor$Worker.runTask(ThreadPoolExecutor.java:886)
	at java.util.concurrent.ThreadPoolExecutor$Worker.run(ThreadPoolExecutor.java:908)
	at org.apache.mina.util.NamePreservingRunnable.run(NamePreservingRunnable.java:51)
	at java.lang.Thread.run(Thread.java:619)
Caused by: java.security.PrivilegedActionException: javax.script.ScriptException: sun.org.mozilla.javascript.internal.WrappedException: Wrapped java.lang.StringIndexOutOfBoundsException: String index out of range: 4 (<Unknown source>#1) in <Unknown source> at line number 1
	at java.security.AccessController.doPrivileged(Native Method)
	at com.sun.script.util.InterfaceImplementor$InterfaceImplementorInvocationHandler.invoke(InterfaceImplementor.java:49)
	... 19 more
Caused by: javax.script.ScriptException: sun.org.mozilla.javascript.internal.WrappedException: Wrapped java.lang.StringIndexOutOfBoundsException: String index out of range: 4 (<Unknown source>#1) in <Unknown source> at line number 1
	at com.sun.script.javascript.RhinoScriptEngine.invoke(RhinoScriptEngine.java:184)
	at com.sun.script.javascript.RhinoScriptEngine.invokeFunction(RhinoScriptEngine.java:142)
	at com.sun.script.util.InterfaceImplementor$InterfaceImplementorInvocationHandler$1.run(InterfaceImplementor.java:52)
	... 21 more
Feb 21, 2010 4:32:39 PM net.sf.odinms.net.login.handler.CharlistRequestHandler handlePacket
INFO: Client is connecting to server 0 channel 3
Feb 21, 2010 4:32:51 PM net.sf.odinms.scripting.npc.NPCScriptManager action
SEVERE: Error executing NPC script.
java.lang.reflect.UndeclaredThrowableException
	at $Proxy3.action(Unknown Source)
	at net.sf.odinms.scripting.npc.NPCScriptManager.action(NPCScriptManager.java:93)
	at net.sf.odinms.net.channel.handler.NPCMoreTalkHandler.handlePacket(NPCMoreTalkHandler.java:50)
	at net.sf.odinms.net.MapleServerHandler.messageReceived(MapleServerHandler.java:147)
	at org.apache.mina.common.support.AbstractIoFilterChain$TailFilter.messageReceived(AbstractIoFilterChain.java:570)
	at org.apache.mina.common.support.AbstractIoFilterChain.callNextMessageReceived(AbstractIoFilterChain.java:299)
	at org.apache.mina.common.support.AbstractIoFilterChain.access$1100(AbstractIoFilterChain.java:53)
	at org.apache.mina.common.support.AbstractIoFilterChain$EntryImpl$1.messageReceived(AbstractIoFilterChain.java:648)
	at org.apache.mina.filter.codec.support.SimpleProtocolDecoderOutput.flush(SimpleProtocolDecoderOutput.java:58)
	at org.apache.mina.filter.codec.ProtocolCodecFilter.messageReceived(ProtocolCodecFilter.java:180)
	at org.apache.mina.common.support.AbstractIoFilterChain.callNextMessageReceived(AbstractIoFilterChain.java:299)
	at org.apache.mina.common.support.AbstractIoFilterChain.access$1100(AbstractIoFilterChain.java:53)
	at org.apache.mina.common.support.AbstractIoFilterChain$EntryImpl$1.messageReceived(AbstractIoFilterChain.java:648)
	at org.apache.mina.filter.executor.ExecutorFilter.processEvent(ExecutorFilter.java:220)
	at org.apache.mina.filter.executor.ExecutorFilter$ProcessEventsRunnable.run(ExecutorFilter.java:264)
	at java.util.concurrent.ThreadPoolExecutor$Worker.runTask(ThreadPoolExecutor.java:886)
	at java.util.concurrent.ThreadPoolExecutor$Worker.run(ThreadPoolExecutor.java:908)
	at org.apache.mina.util.NamePreservingRunnable.run(NamePreservingRunnable.java:51)
	at java.lang.Thread.run(Thread.java:619)
Caused by: java.security.PrivilegedActionException: javax.script.ScriptException: sun.org.mozilla.javascript.internal.WrappedException: Wrapped java.lang.StringIndexOutOfBoundsException: String index out of range: 4 (<Unknown source>#1) in <Unknown source> at line number 1
	at java.security.AccessController.doPrivileged(Native Method)
	at com.sun.script.util.InterfaceImplementor$InterfaceImplementorInvocationHandler.invoke(InterfaceImplementor.java:49)
	... 19 more
Caused by: javax.script.ScriptException: sun.org.mozilla.javascript.internal.WrappedException: Wrapped java.lang.StringIndexOutOfBoundsException: String index out of range: 4 (<Unknown source>#1) in <Unknown source> at line number 1
	at com.sun.script.javascript.RhinoScriptEngine.invoke(RhinoScriptEngine.java:184)
	at com.sun.script.javascript.RhinoScriptEngine.invokeFunction(RhinoScriptEngine.java:142)
	at com.sun.script.util.InterfaceImplementor$InterfaceImplementorInvocationHandler$1.run(InterfaceImplementor.java:52)
	... 21 more
Feb 21, 2010 4:33:32 PM net.sf.odinms.scripting.npc.NPCScriptManager action
SEVERE: Error executing NPC script.
java.lang.reflect.UndeclaredThrowableException
	at $Proxy3.action(Unknown Source)
	at net.sf.odinms.scripting.npc.NPCScriptManager.action(NPCScriptManager.java:93)
	at net.sf.odinms.net.channel.handler.NPCMoreTalkHandler.handlePacket(NPCMoreTalkHandler.java:50)
	at net.sf.odinms.net.MapleServerHandler.messageReceived(MapleServerHandler.java:147)
	at org.apache.mina.common.support.AbstractIoFilterChain$TailFilter.messageReceived(AbstractIoFilterChain.java:570)
	at org.apache.mina.common.support.AbstractIoFilterChain.callNextMessageReceived(AbstractIoFilterChain.java:299)
	at org.apache.mina.common.support.AbstractIoFilterChain.access$1100(AbstractIoFilterChain.java:53)
	at org.apache.mina.common.support.AbstractIoFilterChain$EntryImpl$1.messageReceived(AbstractIoFilterChain.java:648)
	at org.apache.mina.filter.codec.support.SimpleProtocolDecoderOutput.flush(SimpleProtocolDecoderOutput.java:58)
	at org.apache.mina.filter.codec.ProtocolCodecFilter.messageReceived(ProtocolCodecFilter.java:180)
	at org.apache.mina.common.support.AbstractIoFilterChain.callNextMessageReceived(AbstractIoFilterChain.java:299)
	at org.apache.mina.common.support.AbstractIoFilterChain.access$1100(AbstractIoFilterChain.java:53)
	at org.apache.mina.common.support.AbstractIoFilterChain$EntryImpl$1.messageReceived(AbstractIoFilterChain.java:648)
	at org.apache.mina.filter.executor.ExecutorFilter.processEvent(ExecutorFilter.java:220)
	at org.apache.mina.filter.executor.ExecutorFilter$ProcessEventsRunnable.run(ExecutorFilter.java:264)
	at java.util.concurrent.ThreadPoolExecutor$Worker.runTask(ThreadPoolExecutor.java:886)
	at java.util.concurrent.ThreadPoolExecutor$Worker.run(ThreadPoolExecutor.java:908)
	at org.apache.mina.util.NamePreservingRunnable.run(NamePreservingRunnable.java:51)
	at java.lang.Thread.run(Thread.java:619)
Caused by: java.security.PrivilegedActionException: javax.script.ScriptException: sun.org.mozilla.javascript.internal.WrappedException: Wrapped java.lang.NullPointerException (<Unknown source>#1) in <Unknown source> at line number 1
	at java.security.AccessController.doPrivileged(Native Method)
	at com.sun.script.util.InterfaceImplementor$InterfaceImplementorInvocationHandler.invoke(InterfaceImplementor.java:49)
	... 19 more
Caused by: javax.script.ScriptException: sun.org.mozilla.javascript.internal.WrappedException: Wrapped java.lang.NullPointerException (<Unknown source>#1) in <Unknown source> at line number 1
	at com.sun.script.javascript.RhinoScriptEngine.invoke(RhinoScriptEngine.java:184)
	at com.sun.script.javascript.RhinoScriptEngine.invokeFunction(RhinoScriptEngine.java:142)
	at com.sun.script.util.InterfaceImplementor$InterfaceImplementorInvocationHandler$1.run(InterfaceImplementor.java:52)
	... 21 more
Feb 21, 2010 4:33:44 PM net.sf.odinms.net.login.handler.CharlistRequestHandler handlePacket
INFO: Client is connecting to server 0 channel 1
Feb 21, 2010 4:33:50 PM net.sf.odinms.net.MapleServerHandler exceptionCaught
SEVERE: <EkikoMin (cid: 57176)> (Account: Lowjojo96) Connection reset by peer
java.io.IOException: Connection reset by peer
	at sun.nio.ch.FileDispatcher.read0(Native Method)
	at sun.nio.ch.SocketDispatcher.read(SocketDispatcher.java:21)
	at sun.nio.ch.IOUtil.readIntoNativeBuffer(IOUtil.java:233)
	at sun.nio.ch.IOUtil.read(IOUtil.java:206)
	at sun.nio.ch.SocketChannelImpl.read(SocketChannelImpl.java:236)
	at org.apache.mina.transport.socket.nio.SocketIoProcessor.read(SocketIoProcessor.java:218)
	at org.apache.mina.transport.socket.nio.SocketIoProcessor.process(SocketIoProcessor.java:198)
	at org.apache.mina.transport.socket.nio.SocketIoProcessor.access$400(SocketIoProcessor.java:45)
	at org.apache.mina.transport.socket.nio.SocketIoProcessor$Worker.run(SocketIoProcessor.java:485)
	at org.apache.mina.util.NamePreservingRunnable.run(NamePreservingRunnable.java:51)
	at java.lang.Thread.run(Thread.java:619)
Feb 21, 2010 4:33:50 PM net.sf.odinms.net.login.handler.CharlistRequestHandler handlePacket
INFO: Client is connecting to server 0 channel 3
Feb 21, 2010 4:33:57 PM net.sf.odinms.net.channel.ChannelServer$autoSave run
INFO: Saving characters to database for channel 2
Feb 21, 2010 4:34:07 PM net.sf.odinms.net.channel.handler.AbstractMovementPacketHandler parseMovement
WARNING: numCommands (-23) does not match the number of deserialized movement commands (0)
Feb 21, 2010 4:34:39 PM net.sf.odinms.net.login.handler.CharlistRequestHandler handlePacket
INFO: Client is connecting to server 0 channel 3
Feb 21, 2010 4:34:59 PM net.sf.odinms.net.channel.OliveroMatic.AutomagicShit broadcastFMLMessage
INFO: Anonymous Bot Message broadcasted.
Feb 21, 2010 4:35:03 PM net.sf.odinms.scripting.npc.NPCScriptManager action
SEVERE: Error executing NPC script.
java.lang.reflect.UndeclaredThrowableException
	at $Proxy3.action(Unknown Source)
	at net.sf.odinms.scripting.npc.NPCScriptManager.action(NPCScriptManager.java:93)
	at net.sf.odinms.net.channel.handler.NPCMoreTalkHandler.handlePacket(NPCMoreTalkHandler.java:50)
	at net.sf.odinms.net.MapleServerHandler.messageReceived(MapleServerHandler.java:147)
	at org.apache.mina.common.support.AbstractIoFilterChain$TailFilter.messageReceived(AbstractIoFilterChain.java:570)
	at org.apache.mina.common.support.AbstractIoFilterChain.callNextMessageReceived(AbstractIoFilterChain.java:299)
	at org.apache.mina.common.support.AbstractIoFilterChain.access$1100(AbstractIoFilterChain.java:53)
	at org.apache.mina.common.support.AbstractIoFilterChain$EntryImpl$1.messageReceived(AbstractIoFilterChain.java:648)
	at org.apache.mina.filter.codec.support.SimpleProtocolDecoderOutput.flush(SimpleProtocolDecoderOutput.java:58)
	at org.apache.mina.filter.codec.ProtocolCodecFilter.messageReceived(ProtocolCodecFilter.java:180)
	at org.apache.mina.common.support.AbstractIoFilterChain.callNextMessageReceived(AbstractIoFilterChain.java:299)
	at org.apache.mina.common.support.AbstractIoFilterChain.access$1100(AbstractIoFilterChain.java:53)
	at org.apache.mina.common.support.AbstractIoFilterChain$EntryImpl$1.messageReceived(AbstractIoFilterChain.java:648)
	at org.apache.mina.filter.executor.ExecutorFilter.processEvent(ExecutorFilter.java:220)
	at org.apache.mina.filter.executor.ExecutorFilter$ProcessEventsRunnable.run(ExecutorFilter.java:264)
	at java.util.concurrent.ThreadPoolExecutor$Worker.runTask(ThreadPoolExecutor.java:886)
	at java.util.concurrent.ThreadPoolExecutor$Worker.run(ThreadPoolExecutor.java:908)
	at org.apache.mina.util.NamePreservingRunnable.run(NamePreservingRunnable.java:51)
	at java.lang.Thread.run(Thread.java:619)
Caused by: java.security.PrivilegedActionException: javax.script.ScriptException: sun.org.mozilla.javascript.internal.WrappedException: Wrapped java.lang.NullPointerException (<Unknown source>#1) in <Unknown source> at line number 1
	at java.security.AccessController.doPrivileged(Native Method)
	at com.sun.script.util.InterfaceImplementor$InterfaceImplementorInvocationHandler.invoke(InterfaceImplementor.java:49)
	... 19 more
Caused by: javax.script.ScriptException: sun.org.mozilla.javascript.internal.WrappedException: Wrapped java.lang.NullPointerException (<Unknown source>#1) in <Unknown source> at line number 1
	at com.sun.script.javascript.RhinoScriptEngine.invoke(RhinoScriptEngine.java:184)
	at com.sun.script.javascript.RhinoScriptEngine.invokeFunction(RhinoScriptEngine.java:142)
	at com.sun.script.util.InterfaceImplementor$InterfaceImplementorInvocationHandler$1.run(InterfaceImplementor.java:52)
	... 21 more
Feb 21, 2010 4:35:28 PM net.sf.odinms.scripting.npc.NPCScriptManager action
SEVERE: Error executing NPC script.
java.lang.reflect.UndeclaredThrowableException
	at $Proxy3.action(Unknown Source)
	at net.sf.odinms.scripting.npc.NPCScriptManager.action(NPCScriptManager.java:93)
	at net.sf.odinms.net.channel.handler.NPCMoreTalkHandler.handlePacket(NPCMoreTalkHandler.java:50)
	at net.sf.odinms.net.MapleServerHandler.messageReceived(MapleServerHandler.java:147)
	at org.apache.mina.common.support.AbstractIoFilterChain$TailFilter.messageReceived(AbstractIoFilterChain.java:570)
	at org.apache.mina.common.support.AbstractIoFilterChain.callNextMessageReceived(AbstractIoFilterChain.java:299)
	at org.apache.mina.common.support.AbstractIoFilterChain.access$1100(AbstractIoFilterChain.java:53)
	at org.apache.mina.common.support.AbstractIoFilterChain$EntryImpl$1.messageReceived(AbstractIoFilterChain.java:648)
	at org.apache.mina.filter.codec.support.SimpleProtocolDecoderOutput.flush(SimpleProtocolDecoderOutput.java:58)
	at org.apache.mina.filter.codec.ProtocolCodecFilter.messageReceived(ProtocolCodecFilter.java:180)
	at org.apache.mina.common.support.AbstractIoFilterChain.callNextMessageReceived(AbstractIoFilterChain.java:299)
	at org.apache.mina.common.support.AbstractIoFilterChain.access$1100(AbstractIoFilterChain.java:53)
	at org.apache.mina.common.support.AbstractIoFilterChain$EntryImpl$1.messageReceived(AbstractIoFilterChain.java:648)
	at org.apache.mina.filter.executor.ExecutorFilter.processEvent(ExecutorFilter.java:220)
	at org.apache.mina.filter.executor.ExecutorFilter$ProcessEventsRunnable.run(ExecutorFilter.java:264)
	at java.util.concurrent.ThreadPoolExecutor$Worker.runTask(ThreadPoolExecutor.java:886)
	at java.util.concurrent.ThreadPoolExecutor$Worker.run(ThreadPoolExecutor.java:908)
	at org.apache.mina.util.NamePreservingRunnable.run(NamePreservingRunnable.java:51)
	at java.lang.Thread.run(Thread.java:619)
Caused by: java.security.PrivilegedActionException: javax.script.ScriptException: sun.org.mozilla.javascript.internal.WrappedException: Wrapped java.lang.StringIndexOutOfBoundsException: String index out of range: 4 (<Unknown source>#1) in <Unknown source> at line number 1
	at java.security.AccessController.doPrivileged(Native Method)
	at com.sun.script.util.InterfaceImplementor$InterfaceImplementorInvocationHandler.invoke(InterfaceImplementor.java:49)
	... 19 more
Caused by: javax.script.ScriptException: sun.org.mozilla.javascript.internal.WrappedException: Wrapped java.lang.StringIndexOutOfBoundsException: String index out of range: 4 (<Unknown source>#1) in <Unknown source> at line number 1
	at com.sun.script.javascript.RhinoScriptEngine.invoke(RhinoScriptEngine.java:184)
	at com.sun.script.javascript.RhinoScriptEngine.invokeFunction(RhinoScriptEngine.java:142)
	at com.sun.script.util.InterfaceImplementor$InterfaceImplementorInvocationHandler$1.run(InterfaceImplementor.java:52)
	... 21 more
